app/build/outputs/logs/manifest-merger-debug-report.txt
-- Merging decision tree log ---
manifest
ADDED from src\main\AndroidManifest.xml:2:1-24:12
	package
		ADDED from src\main\AndroidManifest.xml:3:7-36
		INJECTED from src\main\AndroidManifest.xml
		INJECTED from src\main\AndroidManifest.xml
	android:versionName
		ADDED from src\main\AndroidManifest.xml:5:7-32
		INJECTED from src\main\AndroidManifest.xml
		INJECTED from src\main\AndroidManifest.xml
	android:versionCode
		ADDED from src\main\AndroidManifest.xml:4:7-30
		INJECTED from src\main\AndroidManifest.xml
		INJECTED from src\main\AndroidManifest.xml
	xmlns:android
		ADDED from src\main\AndroidManifest.xml:2:11-69
application
ADDED from src\main\AndroidManifest.xml:6:5-20:19
	android:label
		ADDED from src\main\AndroidManifest.xml:7:11-43
	android:icon
		ADDED from src\main\AndroidManifest.xml:6:18-47
	android:theme
		ADDED from src\main\AndroidManifest.xml:8:11-69
activity#com.pyo.image.touch.TouchEventMainActivity
ADDED from src\main\AndroidManifest.xml:9:9-15:20
	android:label
		ADDED from src\main\AndroidManifest.xml:10:19-51
	android:name
		ADDED from src\main\AndroidManifest.xml:9:19-56
intent-filter#android.intent.action.MAIN+android.intent.category.LAUNCHER
ADDED from src\main\AndroidManifest.xml:11:13-14:29
action#android.intent.action.MAIN
ADDED from src\main\AndroidManifest.xml:12:17-69
	android:name
		ADDED from src\main\AndroidManifest.xml:12:25-66
category#android.intent.category.LAUNCHER
ADDED from src\main\AndroidManifest.xml:13:17-77
	android:name
		ADDED from src\main\AndroidManifest.xml:13:27-74
activity#com.pyo.image.touch.SimpleTouchEventActivity
ADDED from src\main\AndroidManifest.xml:16:9-61
	android:name
		ADDED from src\main\AndroidManifest.xml:16:19-58
activity#com.pyo.image.touch.MultiTouchActivity
ADDED from src\main\AndroidManifest.xml:17:9-55
	android:name
		ADDED from src\main\AndroidManifest.xml:17:19-52
activity#com.pyo.image.touch.TouchEventCurveActivity
ADDED from src\main\AndroidManifest.xml:18:9-60
	android:name
		ADDED from src\main\AndroidManifest.xml:18:19-57
activity#com.pyo.image.touch.SurfaceViewExtentionActivity
ADDED from src\main\AndroidManifest.xml:19:9-65
	android:name
		ADDED from src\main\AndroidManifest.xml:19:19-62
uses-permission#android.permission.WRITE_EXTERNAL_STORAGE
ADDED from src\main\AndroidManifest.xml:21:5-22:68
	android:name
		ADDED from src\main\AndroidManifest.xml:22:9-65
uses-sdk
ADDED from src\main\AndroidManifest.xml:23:5-43
	android:targetSdkVersion
		INJECTED from src\main\AndroidManifest.xml
		INJECTED from src\main\AndroidManifest.xml
	android:minSdkVersion
		ADDED from src\main\AndroidManifest.xml:23:15-40
		INJECTED from src\main\AndroidManifest.xml
		INJECTED from src\main\AndroidManifest.xml